INFO - [21/03/2021] (19:07:27) - __main__ - Stock Valuation started
INFO - [21/03/2021] (19:07:27) - Base - All 3 Financial statements have been accepted
INFO - [21/03/2021] (19:07:27) - Base - Creating list of paths for the files containing financial data
INFO - [21/03/2021] (19:07:27) - Base - Reading Balance sheet
INFO - [21/03/2021] (19:07:27) - Base - Balance sheet read
INFO - [21/03/2021] (19:07:27) - Base - Reading Cash flow statement
INFO - [21/03/2021] (19:07:27) - Base - Cash flow statement read
INFO - [21/03/2021] (19:07:27) - Base - Reading Income statement
INFO - [21/03/2021] (19:07:27) - Base - Income statement read
INFO - [21/03/2021] (19:07:27) - LiquidityRatio - Calculating Current Ratio and its growth
INFO - [21/03/2021] (19:07:27) - LiquidityRatio - Current Ratio is BAD : 1.325909
INFO - [21/03/2021] (19:07:27) - LiquidityRatio - Calculating Cash Ratio
INFO - [21/03/2021] (19:07:27) - LiquidityRatio - Cash Ratio is BAD : 0.311429
INFO - [21/03/2021] (19:07:27) - LiquidityRatio - Calculating Operating Cashflow ratio
INFO - [21/03/2021] (19:07:27) - LiquidityRatio - Operating Cashflow Ratio is BAD : 0.678819
INFO - [21/03/2021] (19:07:27) - LiquidityRatio - Calculating Inventory turnover ratio
INFO - [21/03/2021] (19:07:27) - LiquidityRatio - Inventory Turnover Ratio is GOOD : 61.328888
INFO - [21/03/2021] (19:07:27) - matplotlib.category - Using categorical units to plot a list of strings that are all parsable as floats or dates. If these strings should be plotted as numbers, cast to the appropriate data type before plotting.
INFO - [21/03/2021] (19:07:27) - matplotlib.category - Using categorical units to plot a list of strings that are all parsable as floats or dates. If these strings should be plotted as numbers, cast to the appropriate data type before plotting.
INFO - [21/03/2021] (19:07:27) - matplotlib.category - Using categorical units to plot a list of strings that are all parsable as floats or dates. If these strings should be plotted as numbers, cast to the appropriate data type before plotting.
INFO - [21/03/2021] (19:07:27) - matplotlib.category - Using categorical units to plot a list of strings that are all parsable as floats or dates. If these strings should be plotted as numbers, cast to the appropriate data type before plotting.
INFO - [21/03/2021] (19:07:27) - matplotlib.category - Using categorical units to plot a list of strings that are all parsable as floats or dates. If these strings should be plotted as numbers, cast to the appropriate data type before plotting.
INFO - [21/03/2021] (19:07:27) - matplotlib.category - Using categorical units to plot a list of strings that are all parsable as floats or dates. If these strings should be plotted as numbers, cast to the appropriate data type before plotting.
INFO - [21/03/2021] (19:07:27) - matplotlib.category - Using categorical units to plot a list of strings that are all parsable as floats or dates. If these strings should be plotted as numbers, cast to the appropriate data type before plotting.
INFO - [21/03/2021] (19:07:27) - matplotlib.category - Using categorical units to plot a list of strings that are all parsable as floats or dates. If these strings should be plotted as numbers, cast to the appropriate data type before plotting.
INFO - [21/03/2021] (19:07:28) - SolvencyRatio - Calculating Debt to Equity ratio
INFO - [21/03/2021] (19:07:28) - SolvencyRatio - Debt to Equity Ratio is BAD : 1.031163
INFO - [21/03/2021] (19:07:28) - SolvencyRatio - Calculating Interest Coverage ratio
INFO - [21/03/2021] (19:07:28) - SolvencyRatio - Interest Coverage Ratio is GOOD : 23.846251
INFO - [21/03/2021] (19:07:28) - matplotlib.category - Using categorical units to plot a list of strings that are all parsable as floats or dates. If these strings should be plotted as numbers, cast to the appropriate data type before plotting.
INFO - [21/03/2021] (19:07:28) - matplotlib.category - Using categorical units to plot a list of strings that are all parsable as floats or dates. If these strings should be plotted as numbers, cast to the appropriate data type before plotting.
INFO - [21/03/2021] (19:07:28) - matplotlib.category - Using categorical units to plot a list of strings that are all parsable as floats or dates. If these strings should be plotted as numbers, cast to the appropriate data type before plotting.
INFO - [21/03/2021] (19:07:28) - matplotlib.category - Using categorical units to plot a list of strings that are all parsable as floats or dates. If these strings should be plotted as numbers, cast to the appropriate data type before plotting.
INFO - [21/03/2021] (19:07:29) - ProfitabilityRatio - Calculating Return on Assets (ROA)
INFO - [21/03/2021] (19:07:29) - ProfitabilityRatio - Return on Assets is GOOD : 15.802188
INFO - [21/03/2021] (19:07:29) - ProfitabilityRatio - Calculating Return on Equity (ROE)
INFO - [21/03/2021] (19:07:29) - ProfitabilityRatio - Return on Equity is GOOD : 60.140278
INFO - [21/03/2021] (19:07:29) - ProfitabilityRatio - Calculating EBITDA Margin
INFO - [21/03/2021] (19:07:29) - ProfitabilityRatio - EBITDA Margin is : 6.054182
INFO - [21/03/2021] (19:07:29) - ProfitabilityRatio - Calculating Net Profit Margin
INFO - [21/03/2021] (19:07:29) - ProfitabilityRatio - Net Profit Margin is GOOD : 21.398418
INFO - [21/03/2021] (19:07:29) - ProfitabilityRatio - Calculating Operating Income Margin
INFO - [21/03/2021] (19:07:29) - ProfitabilityRatio - Operating Margin is GOOD : 25.337900
INFO - [21/03/2021] (19:07:29) - matplotlib.category - Using categorical units to plot a list of strings that are all parsable as floats or dates. If these strings should be plotted as numbers, cast to the appropriate data type before plotting.
INFO - [21/03/2021] (19:07:29) - matplotlib.category - Using categorical units to plot a list of strings that are all parsable as floats or dates. If these strings should be plotted as numbers, cast to the appropriate data type before plotting.
INFO - [21/03/2021] (19:07:29) - matplotlib.category - Using categorical units to plot a list of strings that are all parsable as floats or dates. If these strings should be plotted as numbers, cast to the appropriate data type before plotting.
INFO - [21/03/2021] (19:07:29) - matplotlib.category - Using categorical units to plot a list of strings that are all parsable as floats or dates. If these strings should be plotted as numbers, cast to the appropriate data type before plotting.
INFO - [21/03/2021] (19:07:29) - matplotlib.category - Using categorical units to plot a list of strings that are all parsable as floats or dates. If these strings should be plotted as numbers, cast to the appropriate data type before plotting.
INFO - [21/03/2021] (19:07:29) - matplotlib.category - Using categorical units to plot a list of strings that are all parsable as floats or dates. If these strings should be plotted as numbers, cast to the appropriate data type before plotting.
INFO - [21/03/2021] (19:07:29) - matplotlib.category - Using categorical units to plot a list of strings that are all parsable as floats or dates. If these strings should be plotted as numbers, cast to the appropriate data type before plotting.
INFO - [21/03/2021] (19:07:29) - matplotlib.category - Using categorical units to plot a list of strings that are all parsable as floats or dates. If these strings should be plotted as numbers, cast to the appropriate data type before plotting.
INFO - [21/03/2021] (19:07:33) - DCF - Calculating Weighted average cost of capital
INFO - [21/03/2021] (19:07:33) - DCF - Forecasting total revenue, net income and free cashflow for the next five years
INFO - [21/03/2021] (19:07:33) - DCF - Calculating Terminal Value
INFO - [21/03/2021] (19:07:33) - DCF - Calculating intrinsic value
INFO - [21/03/2021] (19:07:33) - DCF - Current Market price is : 119.990000
INFO - [21/03/2021] (19:07:33) - DCF - Intrinsic Value is : 94.811724
INFO - [21/03/2021] (19:07:33) - DCF - Margin of Safety is : -20.983646
