INFO - [02/03/2021] (20:06:14) - SolvencyRatio - This is me
INFO - [02/03/2021] (20:06:14) - __main__ - Stock Valuation started
INFO - [02/03/2021] (20:06:14) - Base - All 3 Financial statements have been accepted
INFO - [02/03/2021] (20:06:14) - Base - Creating list of paths for the files containing financial data
INFO - [02/03/2021] (20:06:14) - Base - Reading Balance sheet
INFO - [02/03/2021] (20:06:14) - Base - Balance sheet read
INFO - [02/03/2021] (20:06:14) - Base - Reading Cash flow statement
INFO - [02/03/2021] (20:06:14) - Base - Cash flow statement read
INFO - [02/03/2021] (20:06:14) - Base - Reading Income statement
INFO - [02/03/2021] (20:06:14) - Base - Income statement read
INFO - [02/03/2021] (20:06:14) - LiquidityRatio - Calculating Current Ratio and its growth
INFO - [02/03/2021] (20:06:14) - LiquidityRatio - Calculating Cash Ratio
INFO - [02/03/2021] (20:06:14) - LiquidityRatio - Calculating Operating Cashflow ratio
INFO - [02/03/2021] (20:06:14) - LiquidityRatio - Calculating Inventory turnover ratio
INFO - [02/03/2021] (20:06:14) - SolvencyRatio - Calculating Debt to Equity ratio
INFO - [02/03/2021] (20:06:14) - SolvencyRatio - Debt to Equity Ratio is BAD
INFO - [02/03/2021] (20:06:14) - SolvencyRatio - Calculating Interest Coverage ratio
INFO - [02/03/2021] (20:06:14) - ProfitabilityRatio - Calculating Return on Assets (ROA)
INFO - [02/03/2021] (20:06:14) - ProfitabilityRatio - Calculating Return on Equity (ROE)
INFO - [02/03/2021] (20:06:14) - ProfitabilityRatio - Calculating EBITDA Margin
INFO - [02/03/2021] (20:06:14) - ProfitabilityRatio - Calculating Net Profit Margin
INFO - [02/03/2021] (20:06:14) - ProfitabilityRatio - Calculating Operating Income Margin
